2025-07-02 21:35:03,557 - INFO - Loading NER models...
2025-07-02 21:35:03,829 - INFO - Loaded spaCy model.
2025-07-02 21:35:10,156 - INFO - Loaded Flair model.
2025-07-02 21:35:17,571 - INFO - Loaded HuggingFace model.
2025-07-02 21:35:17,841 - INFO - Downloaded file to /Users/acolinhe/stanza_resources/resources.json
2025-07-02 21:35:17,845 - INFO - Downloading default packages for language: en (English) ...
2025-07-02 21:35:25,154 - INFO - Downloaded file to /Users/acolinhe/stanza_resources/en/default.zip
2025-07-02 21:35:26,789 - INFO - Finished downloading models and saved to /Users/acolinhe/stanza_resources
2025-07-02 21:35:26,789 - INFO - Checking for updates to resources.json in case models have been updated.  Note: this behavior can be turned off with download_method=None or download_method=DownloadMethod.REUSE_RESOURCES
2025-07-02 21:35:26,845 - INFO - Downloaded file to /Users/acolinhe/stanza_resources/resources.json
2025-07-02 21:35:26,848 - WARNING - Language en package default expects mwt, which has been added
2025-07-02 21:35:27,235 - INFO - Loading these models for language: en (English):
=========================================
| Processor | Package                   |
-----------------------------------------
| tokenize  | combined                  |
| mwt       | combined                  |
| ner       | ontonotes-ww-multi_charlm |
=========================================

2025-07-02 21:35:27,236 - INFO - Using device: cpu
2025-07-02 21:35:27,236 - INFO - Loading: tokenize
2025-07-02 21:35:27,241 - INFO - Loading: mwt
2025-07-02 21:35:27,251 - INFO - Loading: ner
2025-07-02 21:35:30,789 - INFO - Done loading processors!
2025-07-02 21:35:30,790 - INFO - Loaded Stanza model.
2025-07-02 21:35:30,790 - INFO - Processing grants using spacy model...
2025-07-02 21:35:31,278 - INFO - CSV file saved: ../data/landGrantSpacy.csv
2025-07-02 21:35:31,278 - INFO - Processing grants using flair model...
2025-07-02 21:36:23,835 - INFO - CSV file saved: ../data/landGrantFlair.csv
2025-07-02 21:36:23,835 - INFO - Processing grants using huggingface model...
2025-07-02 21:36:28,548 - INFO - CSV file saved: ../data/landGrantHuggingFace.csv
2025-07-02 21:36:28,548 - INFO - Processing grants using stanza model...
2025-07-02 21:36:37,010 - INFO - CSV file saved: ../data/landGrantStanza.csv
